[0623/012022.273:ERROR:process_memory_win.cc(73)] ReadMemory at 0x7ff6f8ef0000 of 64 bytes failed: Only part of a ReadProcessMemory or WriteProcessMemory request was completed. (0x12B)
[0623/012022.373:WARNING:pe_image_reader.cc(340)] could not read dos header from C:\Program Files (x86)\Google\Chrome\Application\chrome.exe
[0623/012022.373:ERROR:process_memory_win.cc(73)] ReadMemory at 0x7ff9a2d60000 of 64 bytes failed: Only part of a ReadProcessMemory or WriteProcessMemory request was completed. (0x12B)
[0623/012022.373:WARNING:pe_image_reader.cc(340)] could not read dos header from C:\WINDOWS\SYSTEM32\ntdll.dll
[0623/012022.373:ERROR:process_memory_win.cc(73)] ReadMemory at 0x7ff9a11e0000 of 64 bytes failed: Only part of a ReadProcessMemory or WriteProcessMemory request was completed. (0x12B)
[0623/012022.374:WARNING:pe_image_reader.cc(340)] could not read dos header from C:\WINDOWS\System32\KERNEL32.DLL
[0623/012022.374:ERROR:process_memory_win.cc(73)] ReadMemory at 0x7ff99fc30000 of 64 bytes failed: Only part of a ReadProcessMemory or WriteProcessMemory request was completed. (0x12B)
[0623/012022.374:WARNING:pe_image_reader.cc(340)] could not read dos header from C:\WINDOWS\System32\KERNELBASE.dll
[0623/012022.374:ERROR:process_memory_win.cc(73)] ReadMemory at 0x7ff9a1300000 of 64 bytes failed: Only part of a ReadProcessMemory or WriteProcessMemory request was completed. (0x12B)
[0623/012022.374:WARNING:pe_image_reader.cc(340)] could not read dos header from C:\WINDOWS\System32\SHELL32.dll
[0623/012022.374:ERROR:process_memory_win.cc(73)] ReadMemory at 0x7ff9a06e0000 of 64 bytes failed: Only part of a ReadProcessMemory or WriteProcessMemory request was completed. (0x12B)
[0623/012022.374:WARNING:pe_image_reader.cc(340)] could not read dos header from C:\WINDOWS\System32\msvcrt.dll
[0623/012022.374:ERROR:process_memory_win.cc(73)] ReadMemory at 0x7ff99fbe0000 of 64 bytes failed: Only part of a ReadProcessMemory or WriteProcessMemory request was completed. (0x12B)
[0623/012022.374:WARNING:pe_image_reader.cc(340)] could not read dos header from C:\WINDOWS\System32\cfgmgr32.dll
[0623/012022.374:ERROR:process_memory_win.cc(73)] ReadMemory at 0x7ff99fa80000 of 64 bytes failed: Only part of a ReadProcessMemory or WriteProcessMemory request was completed. (0x12B)
[0623/012022.374:WARNING:pe_image_reader.cc(340)] could not read dos header from C:\WINDOWS\System32\ucrtbase.dll
[0623/012022.374:ERROR:process_memory_win.cc(73)] ReadMemory at 0x7ff9a0630000 of 64 bytes failed: Only part of a ReadProcessMemory or WriteProcessMemory request was completed. (0x12B)
[0623/012022.374:WARNING:pe_image_reader.cc(340)] could not read dos header from C:\WINDOWS\System32\shcore.dll
[0623/012022.374:ERROR:process_memory_win.cc(73)] ReadMemory at 0x7ff9a29d0000 of 64 bytes failed: Only part of a ReadProcessMemory or WriteProcessMemory request was completed. (0x12B)
[0623/012022.374:WARNING:pe_image_reader.cc(340)] could not read dos header from C:\WINDOWS\System32\RPCRT4.dll
[0623/012022.374:ERROR:process_memory_win.cc(73)] ReadMemory at 0x7ff9a0250000 of 64 bytes failed: Only part of a ReadProcessMemory or WriteProcessMemory request was completed. (0x12B)
[0623/012022.374:WARNING:pe_image_reader.cc(340)] could not read dos header from C:\WINDOWS\System32\combase.dll
[0623/012022.374:ERROR:process_memory_win.cc(73)] ReadMemory at 0x7ff99f9e0000 of 64 bytes failed: Only part of a ReadProcessMemory or WriteProcessMemory request was completed. (0x12B)
[0623/012022.374:WARNING:pe_image_reader.cc(340)] could not read dos header from C:\WINDOWS\System32\bcryptPrimitives.dll
[0623/012022.374:ERROR:process_memory_win.cc(73)] ReadMemory at 0x7ff99f2d0000 of 64 bytes failed: Only part of a ReadProcessMemory or WriteProcessMemory request was completed. (0x12B)
[0623/012022.374:WARNING:pe_image_reader.cc(340)] could not read dos header from C:\WINDOWS\System32\windows.storage.dll
[0623/012022.374:ERROR:process_memory_win.cc(73)] ReadMemory at 0x7ff9a0580000 of 64 bytes failed: Only part of a ReadProcessMemory or WriteProcessMemory request was completed. (0x12B)
[0623/012022.375:WARNING:pe_image_reader.cc(340)] could not read dos header from C:\WINDOWS\System32\advapi32.dll
[0623/012022.375:ERROR:process_memory_win.cc(73)] ReadMemory at 0x7ff9a2bd0000 of 64 bytes failed: Only part of a ReadProcessMemory or WriteProcessMemory request was completed. (0x12B)
[0623/012022.375:WARNING:pe_image_reader.cc(340)] could not read dos header from C:\WINDOWS\System32\sechost.dll
[0623/012022.375:ERROR:process_memory_win.cc(73)] ReadMemory at 0x7ff9a01f0000 of 64 bytes failed: Only part of a ReadProcessMemory or WriteProcessMemory request was completed. (0x12B)
[0623/012022.375:WARNING:pe_image_reader.cc(340)] could not read dos header from C:\WINDOWS\System32\shlwapi.dll
[0623/012022.375:ERROR:process_memory_win.cc(73)] ReadMemory at 0x7ff9a12d0000 of 64 bytes failed: Only part of a ReadProcessMemory or WriteProcessMemory request was completed. (0x12B)
[0623/012022.375:WARNING:pe_image_reader.cc(340)] could not read dos header from C:\WINDOWS\System32\GDI32.dll
[0623/012022.375:ERROR:process_memory_win.cc(73)] ReadMemory at 0x7ff99f130000 of 64 bytes failed: Only part of a ReadProcessMemory or WriteProcessMemory request was completed. (0x12B)
[0623/012022.375:WARNING:pe_image_reader.cc(340)] could not read dos header from C:\WINDOWS\System32\gdi32full.dll
[0623/012022.375:ERROR:process_memory_win.cc(73)] ReadMemory at 0x7ff99feb0000 of 64 bytes failed: Only part of a ReadProcessMemory or WriteProcessMemory request was completed. (0x12B)
[0623/012022.375:WARNING:pe_image_reader.cc(340)] could not read dos header from C:\WINDOWS\System32\msvcp_win.dll
[0623/012022.375:ERROR:process_memory_win.cc(73)] ReadMemory at 0x7ff9a0df0000 of 64 bytes failed: Only part of a ReadProcessMemory or WriteProcessMemory request was completed. (0x12B)
[0623/012022.375:WARNING:pe_image_reader.cc(340)] could not read dos header from C:\WINDOWS\System32\USER32.dll
[0623/012022.375:ERROR:process_memory_win.cc(73)] ReadMemory at 0x7ff99fa60000 of 64 bytes failed: Only part of a ReadProcessMemory or WriteProcessMemory request was completed. (0x12B)
[0623/012022.375:WARNING:pe_image_reader.cc(340)] could not read dos header from C:\WINDOWS\System32\win32u.dll
[0623/012022.375:ERROR:process_memory_win.cc(73)] ReadMemory at 0x7ff99f070000 of 64 bytes failed: Only part of a ReadProcessMemory or WriteProcessMemory request was completed. (0x12B)
[0623/012022.375:WARNING:pe_image_reader.cc(340)] could not read dos header from C:\WINDOWS\System32\kernel.appcore.dll
[0623/012022.375:ERROR:process_memory_win.cc(73)] ReadMemory at 0x7ff99f090000 of 64 bytes failed: Only part of a ReadProcessMemory or WriteProcessMemory request was completed. (0x12B)
[0623/012022.375:WARNING:pe_image_reader.cc(340)] could not read dos header from C:\WINDOWS\System32\profapi.dll
[0623/012022.375:ERROR:process_memory_win.cc(73)] ReadMemory at 0x7ff99f0d0000 of 64 bytes failed: Only part of a ReadProcessMemory or WriteProcessMemory request was completed. (0x12B)
[0623/012022.375:WARNING:pe_image_reader.cc(340)] could not read dos header from C:\WINDOWS\System32\powrprof.dll
[0623/012022.375:ERROR:process_memory_win.cc(73)] ReadMemory at 0x7ff99f120000 of 64 bytes failed: Only part of a ReadProcessMemory or WriteProcessMemory request was completed. (0x12B)
[0623/012022.375:WARNING:pe_image_reader.cc(340)] could not read dos header from C:\WINDOWS\System32\FLTLIB.DLL
[0623/012022.375:ERROR:process_memory_win.cc(73)] ReadMemory at 0x7ff96a930000 of 64 bytes failed: Only part of a ReadProcessMemory or WriteProcessMemory request was completed. (0x12B)
[0623/012022.376:WARNING:pe_image_reader.cc(340)] could not read dos header from C:\Program Files (x86)\Google\Chrome\Application\75.0.3770.100\chrome_elf.dll
[0623/012022.376:ERROR:process_memory_win.cc(73)] ReadMemory at 0x7ff9902f0000 of 64 bytes failed: Only part of a ReadProcessMemory or WriteProcessMemory request was completed. (0x12B)
[0623/012022.376:WARNING:pe_image_reader.cc(340)] could not read dos header from C:\WINDOWS\SYSTEM32\VERSION.dll
[0623/012022.376:ERROR:process_memory_win.cc(73)] ReadMemory at 0x7ff99c970000 of 64 bytes failed: Only part of a ReadProcessMemory or WriteProcessMemory request was completed. (0x12B)
[0623/012022.376:WARNING:pe_image_reader.cc(340)] could not read dos header from C:\WINDOWS\SYSTEM32\WINMM.dll
[0623/012022.376:ERROR:process_memory_win.cc(73)] ReadMemory at 0x7ff99ef70000 of 64 bytes failed: Only part of a ReadProcessMemory or WriteProcessMemory request was completed. (0x12B)
[0623/012022.376:WARNING:pe_image_reader.cc(340)] could not read dos header from C:\WINDOWS\SYSTEM32\USERENV.dll
[0623/012022.376:ERROR:process_memory_win.cc(73)] ReadMemory at 0x7ff99c940000 of 64 bytes failed: Only part of a ReadProcessMemory or WriteProcessMemory request was completed. (0x12B)
[0623/012022.376:WARNING:pe_image_reader.cc(340)] could not read dos header from C:\WINDOWS\SYSTEM32\WINMMBASE.dll
[0623/012022.376:ERROR:process_memory_win.cc(73)] ReadMemory at 0x7ff99ea60000 of 64 bytes failed: Only part of a ReadProcessMemory or WriteProcessMemory request was completed. (0x12B)
[0623/012022.376:WARNING:pe_image_reader.cc(340)] could not read dos header from C:\WINDOWS\SYSTEM32\CRYPTBASE.DLL
[0623/012022.376:ERROR:process_memory_win.cc(73)] ReadMemory at 0x7ff9a1030000 of 64 bytes failed: Only part of a ReadProcessMemory or WriteProcessMemory request was completed. (0x12B)
[0623/012022.376:WARNING:pe_image_reader.cc(340)] could not read dos header from C:\WINDOWS\System32\IMM32.DLL
[0623/012022.376:ERROR:process_memory_win.cc(73)] ReadMemory at 0x7ff935930000 of 64 bytes failed: Only part of a ReadProcessMemory or WriteProcessMemory request was completed. (0x12B)
[0623/012022.376:WARNING:pe_image_reader.cc(340)] could not read dos header from C:\Program Files (x86)\Google\Chrome\Application\75.0.3770.100\chrome_child.dll
[0623/012022.376:ERROR:process_memory_win.cc(73)] ReadMemory at 0x7ff9a2c40000 of 64 bytes failed: Only part of a ReadProcessMemory or WriteProcessMemory request was completed. (0x12B)
[0623/012022.376:WARNING:pe_image_reader.cc(340)] could not read dos header from C:\WINDOWS\System32\WS2_32.dll
[0623/012022.376:ERROR:process_memory_win.cc(73)] ReadMemory at 0x7ff9a07e0000 of 64 bytes failed: Only part of a ReadProcessMemory or WriteProcessMemory request was completed. (0x12B)
[0623/012022.376:WARNING:pe_image_reader.cc(340)] could not read dos header from C:\WINDOWS\System32\ole32.dll
[0623/012022.376:ERROR:process_memory_win.cc(73)] ReadMemory at 0x7ff9a2b00000 of 64 bytes failed: Only part of a ReadProcessMemory or WriteProcessMemory request was completed. (0x12B)
[0623/012022.376:WARNING:pe_image_reader.cc(340)] could not read dos header from C:\WINDOWS\System32\OLEAUT32.dll
[0623/012022.376:ERROR:process_memory_win.cc(73)] ReadMemory at 0x7ff99fb80000 of 64 bytes failed: Only part of a ReadProcessMemory or WriteProcessMemory request was completed. (0x12B)
[0623/012022.376:WARNING:pe_image_reader.cc(340)] could not read dos header from C:\WINDOWS\System32\WINTRUST.dll
[0623/012022.377:ERROR:process_memory_win.cc(73)] ReadMemory at 0x7ff99f0b0000 of 64 bytes failed: Only part of a ReadProcessMemory or WriteProcessMemory request was completed. (0x12B)
[0623/012022.377:WARNING:pe_image_reader.cc(340)] could not read dos header from C:\WINDOWS\System32\MSASN1.dll
[0623/012022.377:ERROR:process_memory_win.cc(73)] ReadMemory at 0x7ff99ff50000 of 64 bytes failed: Only part of a ReadProcessMemory or WriteProcessMemory request was completed. (0x12B)
[0623/012022.377:WARNING:pe_image_reader.cc(340)] could not read dos header from C:\WINDOWS\System32\CRYPT32.dll
[0623/012022.377:ERROR:process_memory_win.cc(73)] ReadMemory at 0x7ff9a2740000 of 64 bytes failed: Only part of a ReadProcessMemory or WriteProcessMemory request was completed. (0x12B)
[0623/012022.377:WARNING:pe_image_reader.cc(340)] could not read dos header from C:\WINDOWS\System32\COMDLG32.dll
[0623/012022.377:ERROR:process_memory_win.cc(73)] ReadMemory at 0x7ff99e620000 of 64 bytes failed: Only part of a ReadProcessMemory or WriteProcessMemory request was completed. (0x12B)
[0623/012022.377:WARNING:pe_image_reader.cc(340)] could not read dos header from C:\WINDOWS\SYSTEM32\IPHLPAPI.DLL
[0623/012022.377:ERROR:process_memory_win.cc(73)] ReadMemory at 0x7ff9968b0000 of 64 bytes failed: Only part of a ReadProcessMemory or WriteProcessMemory request was completed. (0x12B)
[0623/012022.377:WARNING:pe_image_reader.cc(340)] could not read dos header from C:\WINDOWS\SYSTEM32\OLEACC.dll
[0623/012022.377:ERROR:process_memory_win.cc(73)] ReadMemory at 0x7ff974530000 of 64 bytes failed: Only part of a ReadProcessMemory or WriteProcessMemory request was completed. (0x12B)
[0623/012022.377:WARNING:pe_image_reader.cc(340)] could not read dos header from C:\WINDOWS\SYSTEM32\UIAutomationCore.DLL
[0623/012022.377:ERROR:process_memory_win.cc(73)] ReadMemory at 0x7ff99b9a0000 of 64 bytes failed: Only part of a ReadProcessMemory or WriteProcessMemory request was completed. (0x12B)
[0623/012022.377:WARNING:pe_image_reader.cc(340)] could not read dos header from C:\WINDOWS\SYSTEM32\WTSAPI32.dll
[0623/012022.377:ERROR:process_memory_win.cc(73)] ReadMemory at 0x7ff97c610000 of 64 bytes failed: Only part of a ReadProcessMemory or WriteProcessMemory request was completed. (0x12B)
[0623/012022.377:WARNING:pe_image_reader.cc(340)] could not read dos header from C:\WINDOWS\SYSTEM32\DWrite.dll
[0623/012022.377:ERROR:process_memory_win.cc(73)] ReadMemory at 0x7ff99ddf0000 of 64 bytes failed: Only part of a ReadProcessMemory or WriteProcessMemory request was completed. (0x12B)
[0623/012022.377:WARNING:pe_image_reader.cc(340)] could not read dos header from C:\WINDOWS\SYSTEM32\dxgi.dll
[0623/012022.377:ERROR:process_memory_win.cc(73)] ReadMemory at 0x7ff986f30000 of 64 bytes failed: Only part of a ReadProcessMemory or WriteProcessMemory request was completed. (0x12B)
[0623/012022.377:WARNING:pe_image_reader.cc(340)] could not read dos header from C:\WINDOWS\SYSTEM32\WINSPOOL.DRV
[0623/012022.377:ERROR:process_memory_win.cc(73)] ReadMemory at 0x7ff99dae0000 of 64 bytes failed: Only part of a ReadProcessMemory or WriteProcessMemory request was completed. (0x12B)
[0623/012022.377:WARNING:pe_image_reader.cc(340)] could not read dos header from C:\WINDOWS\SYSTEM32\dbghelp.dll
[0623/012022.377:ERROR:process_memory_win.cc(73)] ReadMemory at 0x7ff98da00000 of 64 bytes failed: Only part of a ReadProcessMemory or WriteProcessMemory request was completed. (0x12B)
[0623/012022.377:WARNING:pe_image_reader.cc(340)] could not read dos header from C:\WINDOWS\WinSxS\amd64_microsoft.windows.common-controls_6595b64144ccf1df_6.0.17134.829_none_fb46a5473061b9d5\COMCTL32.dll
[0623/012022.377:ERROR:process_memory_win.cc(73)] ReadMemory at 0x7ff991710000 of 64 bytes failed: Only part of a ReadProcessMemory or WriteProcessMemory request was completed. (0x12B)
[0623/012022.377:WARNING:pe_image_reader.cc(340)] could not read dos header from C:\WINDOWS\SYSTEM32\USP10.dll
[0623/012022.377:ERROR:process_memory_win.cc(73)] ReadMemory at 0x7ff9981c0000 of 64 bytes failed: Only part of a ReadProcessMemory or WriteProcessMemory request was completed. (0x12B)
[0623/012022.377:WARNING:pe_image_reader.cc(340)] could not read dos header from C:\WINDOWS\SYSTEM32\WINHTTP.dll
[0623/012022.377:ERROR:process_memory_win.cc(73)] ReadMemory at 0x7ff994790000 of 64 bytes failed: Only part of a ReadProcessMemory or WriteProcessMemory request was completed. (0x12B)
[0623/012022.377:WARNING:pe_image_reader.cc(340)] could not read dos header from C:\WINDOWS\SYSTEM32\urlmon.dll
[0623/012022.377:ERROR:process_memory_win.cc(73)] ReadMemory at 0x7ff990240000 of 64 bytes failed: Only part of a ReadProcessMemory or WriteProcessMemory request was completed. (0x12B)
[0623/012022.377:WARNING:pe_image_reader.cc(340)] could not read dos header from C:\WINDOWS\SYSTEM32\Secur32.dll
[0623/012022.377:ERROR:process_memory_win.cc(73)] ReadMemory at 0x7ff995390000 of 64 bytes failed: Only part of a ReadProcessMemory or WriteProcessMemory request was completed. (0x12B)
[0623/012022.377:WARNING:pe_image_reader.cc(340)] could not read dos header from C:\WINDOWS\SYSTEM32\dhcpcsvc.DLL
[0623/012022.378:ERROR:process_memory_win.cc(73)] ReadMemory at 0x7ff9a2c30000 of 64 bytes failed: Only part of a ReadProcessMemory or WriteProcessMemory request was completed. (0x12B)
[0623/012022.378:WARNING:pe_image_reader.cc(340)] could not read dos header from C:\WINDOWS\System32\NSI.dll
[0623/012022.378:ERROR:process_memory_win.cc(73)] ReadMemory at 0x7ff99b780000 of 64 bytes failed: Only part of a ReadProcessMemory or WriteProcessMemory request was completed. (0x12B)
[0623/012022.378:WARNING:pe_image_reader.cc(340)] could not read dos header from C:\WINDOWS\SYSTEM32\PROPSYS.dll
[0623/012022.378:ERROR:process_memory_win.cc(73)] ReadMemory at 0x7ff99eb70000 of 64 bytes failed: Only part of a ReadProcessMemory or WriteProcessMemory request was completed. (0x12B)
[0623/012022.378:WARNING:pe_image_reader.cc(340)] could not read dos header from C:\WINDOWS\SYSTEM32\bcrypt.dll
[0623/012022.378:ERROR:process_memory_win.cc(73)] ReadMemory at 0x7ff990fd0000 of 64 bytes failed: Only part of a ReadProcessMemory or WriteProcessMemory request was completed. (0x12B)
[0623/012022.378:WARNING:pe_image_reader.cc(340)] could not read dos header from C:\WINDOWS\SYSTEM32\iertutil.dll
[0623/012022.378:ERROR:process_memory_win.cc(73)] ReadMemory at 0x7ff99efa0000 of 64 bytes failed: Only part of a ReadProcessMemory or WriteProcessMemory request was completed. (0x12B)
[0623/012022.378:WARNING:pe_image_reader.cc(340)] could not read dos header from C:\WINDOWS\SYSTEM32\SSPICLI.DLL
[0623/012022.378:ERROR:process_memory_win.cc(73)] ReadMemory at 0x7ff9a0940000 of 64 bytes failed: Only part of a ReadProcessMemory or WriteProcessMemory request was completed. (0x12B)
[0623/012022.378:WARNING:pe_image_reader.cc(340)] could not read dos header from C:\WINDOWS\System32\SETUPAPI.dll
[0623/012022.378:ERROR:process_memory_win.cc(73)] ReadMemory at 0x7ff99ee20000 of 64 bytes failed: Only part of a ReadProcessMemory or WriteProcessMemory request was completed. (0x12B)
[0623/012022.378:WARNING:pe_image_reader.cc(340)] could not read dos header from C:\WINDOWS\SYSTEM32\DEVOBJ.dll
[0623/012022.378:ERROR:process_memory_win.cc(73)] ReadMemory at 0x7ff96cd10000 of 64 bytes failed: Only part of a ReadProcessMemory or WriteProcessMemory request was completed. (0x12B)
[0623/012022.378:WARNING:pe_image_reader.cc(340)] could not read dos header from C:\WINDOWS\SYSTEM32\mf.dll
[0623/012022.378:ERROR:process_memory_win.cc(73)] ReadMemory at 0x7ff993100000 of 64 bytes failed: Only part of a ReadProcessMemory or WriteProcessMemory request was completed. (0x12B)
[0623/012022.378:WARNING:pe_image_reader.cc(340)] could not read dos header from C:\WINDOWS\SYSTEM32\mfplat.dll
[0623/012022.378:ERROR:process_memory_win.cc(73)] ReadMemory at 0x7ff998c00000 of 64 bytes failed: Only part of a ReadProcessMemory or WriteProcessMemory request was completed. (0x12B)
[0623/012022.378:WARNING:pe_image_reader.cc(340)] could not read dos header from C:\WINDOWS\SYSTEM32\RTWorkQ.DLL
[0623/012022.378:ERROR:process_memory_win.cc(73)] ReadMemory at 0x7ff96ba60000 of 64 bytes failed: Only part of a ReadProcessMemory or WriteProcessMemory request was completed. (0x12B)
[0623/012022.378:WARNING:pe_image_reader.cc(340)] could not read dos header from C:\WINDOWS\SYSTEM32\msmpeg2vdec.dll
[0623/012022.378:ERROR:process_memory_win.cc(73)] ReadMemory at 0x7ff96ed80000 of 64 bytes failed: Only part of a ReadProcessMemory or WriteProcessMemory request was completed. (0x12B)
[0623/012022.378:WARNING:pe_image_reader.cc(340)] could not read dos header from C:\WINDOWS\SYSTEM32\mfperfhelper.dll
[0623/012022.378:ERROR:process_memory_win.cc(73)] ReadMemory at 0x7ff99ea40000 of 64 bytes failed: Only part of a ReadProcessMemory or WriteProcessMemory request was completed. (0x12B)
[0623/012022.378:WARNING:pe_image_reader.cc(340)] could not read dos header from C:\WINDOWS\SYSTEM32\cryptsp.dll
[0623/012022.378:ERROR:process_memory_win.cc(73)] ReadMemory at 0x7ff982330000 of 64 bytes failed: Only part of a ReadProcessMemory or WriteProcessMemory request was completed. (0x12B)
[0623/012022.378:WARNING:pe_image_reader.cc(340)] could not read dos header from C:\WINDOWS\SYSTEM32\dxva2.dll
[0623/012022.378:ERROR:process_memory_win.cc(73)] ReadMemory at 0x7ff975f90000 of 64 bytes failed: Only part of a ReadProcessMemory or WriteProcessMemory request was completed. (0x12B)
[0623/012022.378:WARNING:pe_image_reader.cc(340)] could not read dos header from C:\WINDOWS\SYSTEM32\msvproc.dll
[0623/012022.378:ERROR:process_memory_win.cc(73)] ReadMemory at 0x7ff993020000 of 64 bytes failed: Only part of a ReadProcessMemory or WriteProcessMemory request was completed. (0x12B)
[0623/012022.378:WARNING:pe_image_reader.cc(340)] could not read dos header from C:\WINDOWS\SYSTEM32\CompPkgSup.DLL
[0623/012022.378:ERROR:process_memory_win.cc(73)] ReadMemory at 0x7ff99c3b0000 of 64 bytes failed: Only part of a ReadProcessMemory or WriteProcessMemory request was completed. (0x12B)
[0623/012022.378:WARNING:pe_image_reader.cc(340)] could not read dos header from C:\WINDOWS\SYSTEM32\D3DCompiler_47.dll
[0623/012022.379:ERROR:process_memory_win.cc(73)] ReadMemory at 0x7ff947840000 of 64 bytes failed: Only part of a ReadProcessMemory or WriteProcessMemory request was completed. (0x12B)
[0623/012022.379:WARNING:pe_image_reader.cc(340)] could not read dos header from C:\Program Files (x86)\Google\Chrome\Application\75.0.3770.100\libglesv2.dll
[0623/012022.379:ERROR:process_memory_win.cc(73)] ReadMemory at 0x7ff96e3b0000 of 64 bytes failed: Only part of a ReadProcessMemory or WriteProcessMemory request was completed. (0x12B)
[0623/012022.379:WARNING:pe_image_reader.cc(340)] could not read dos header from C:\Program Files (x86)\Google\Chrome\Application\75.0.3770.100\libegl.dll
[0623/012022.379:ERROR:process_memory_win.cc(73)] ReadMemory at 0x7ff99d440000 of 64 bytes failed: Only part of a ReadProcessMemory or WriteProcessMemory request was completed. (0x12B)
[0623/012022.379:WARNING:pe_image_reader.cc(340)] could not read dos header from C:\WINDOWS\SYSTEM32\dwmapi.dll
[0623/012022.379:ERROR:process_memory_win.cc(73)] ReadMemory at 0x7ff99c0a0000 of 64 bytes failed: Only part of a ReadProcessMemory or WriteProcessMemory request was completed. (0x12B)
[0623/012022.379:WARNING:pe_image_reader.cc(340)] could not read dos header from C:\WINDOWS\SYSTEM32\d3d11.dll
[0623/012022.379:ERROR:process_memory_win.cc(73)] ReadMemory at 0x7ff99ce80000 of 64 bytes failed: Only part of a ReadProcessMemory or WriteProcessMemory request was completed. (0x12B)
[0623/012022.379:WARNING:pe_image_reader.cc(340)] could not read dos header from C:\WINDOWS\SYSTEM32\dcomp.dll
[0623/012022.379:ERROR:process_memory_win.cc(73)] ReadMemory at 0x7ff996b70000 of 64 bytes failed: Only part of a ReadProcessMemory or WriteProcessMemory request was completed. (0x12B)
[0623/012022.379:WARNING:pe_image_reader.cc(340)] could not read dos header from C:\WINDOWS\SYSTEM32\igd10iumd64.dll
[0623/012022.379:ERROR:process_memory_win.cc(73)] ReadMemory at 0x7ff99eb40000 of 64 bytes failed: Only part of a ReadProcessMemory or WriteProcessMemory request was completed. (0x12B)
[0623/012022.379:WARNING:pe_image_reader.cc(340)] could not read dos header from C:\WINDOWS\SYSTEM32\ncrypt.dll
[0623/012022.379:ERROR:process_memory_win.cc(73)] ReadMemory at 0x7ff99eb00000 of 64 bytes failed: Only part of a ReadProcessMemory or WriteProcessMemory request was completed. (0x12B)
[0623/012022.379:WARNING:pe_image_reader.cc(340)] could not read dos header from C:\WINDOWS\SYSTEM32\NTASN1.dll
[0623/012022.379:ERROR:process_memory_win.cc(73)] ReadMemory at 0x7ff991b30000 of 64 bytes failed: Only part of a ReadProcessMemory or WriteProcessMemory request was completed. (0x12B)
[0623/012022.379:WARNING:pe_image_reader.cc(340)] could not read dos header from C:\WINDOWS\SYSTEM32\igdusc64.dll
[0623/012022.379:ERROR:process_memory_win.cc(73)] ReadMemory at 0x7ff9a0f90000 of 64 bytes failed: Only part of a ReadProcessMemory or WriteProcessMemory request was completed. (0x12B)
[0623/012022.379:WARNING:pe_image_reader.cc(340)] could not read dos header from C:\WINDOWS\System32\clbcatq.dll
[0623/012022.379:ERROR:process_memory_win.cc(73)] ReadMemory at 0x7ff99ac30000 of 64 bytes failed: Only part of a ReadProcessMemory or WriteProcessMemory request was completed. (0x12B)
[0623/012022.379:WARNING:pe_image_reader.cc(340)] could not read dos header from C:\Windows\System32\WinTypes.dll
[0623/012022.379:ERROR:process_memory_win.cc(73)] ReadMemory at 0x7ff998670000 of 64 bytes failed: Only part of a ReadProcessMemory or WriteProcessMemory request was completed. (0x12B)
[0623/012022.379:WARNING:pe_image_reader.cc(340)] could not read dos header from C:\WINDOWS\SYSTEM32\rometadata.dll
[0623/012022.379:ERROR:process_memory_win.cc(73)] ReadMemory at 0x7ff9489d0000 of 64 bytes failed: Only part of a ReadProcessMemory or WriteProcessMemory request was completed. (0x12B)
[0623/012022.379:WARNING:pe_image_reader.cc(340)] could not read dos header from C:\WINDOWS\SYSTEM32\igd11dxva64.dll
[0623/012022.379:ERROR:process_memory_win.cc(73)] ReadMemory at 0x7ff97d530000 of 64 bytes failed: Only part of a ReadProcessMemory or WriteProcessMemory request was completed. (0x12B)
[0623/012022.379:WARNING:pe_image_reader.cc(340)] could not read dos header from C:\Windows\System32\mfh264enc.dll
[0623/012022.379:ERROR:process_memory_win.cc(73)] ReadMemory at 0x7ff99d360000 of 64 bytes failed: Only part of a ReadProcessMemory or WriteProcessMemory request was completed. (0x12B)
[0623/012022.379:WARNING:pe_image_reader.cc(340)] could not read dos header from C:\WINDOWS\system32\uxtheme.dll
[0623/012022.379:ERROR:process_memory_win.cc(73)] ReadMemory at 0x7ff9a1060000 of 64 bytes failed: Only part of a ReadProcessMemory or WriteProcessMemory request was completed. (0x12B)
[0623/012022.379:WARNING:pe_image_reader.cc(340)] could not read dos header from C:\WINDOWS\System32\MSCTF.dll
[0623/012022.394:ERROR:process_memory_win.cc(73)] ReadMemory at 0xc1c5dee000 of 73728 bytes failed: Only part of a ReadProcessMemory or WriteProcessMemory request was completed. (0x12B)
[0623/012022.395:ERROR:process_memory_win.cc(73)] ReadMemory at 0xc1c5fff000 of 4096 bytes failed: Only part of a ReadProcessMemory or WriteProcessMemory request was completed. (0x12B)
[0623/012022.395:ERROR:process_memory_win.cc(73)] ReadMemory at 0xc1c61fd000 of 12288 bytes failed: Only part of a ReadProcessMemory or WriteProcessMemory request was completed. (0x12B)
[0623/012022.395:ERROR:process_memory_win.cc(73)] ReadMemory at 0xc1c63fd000 of 12288 bytes failed: Only part of a ReadProcessMemory or WriteProcessMemory request was completed. (0x12B)
[0623/012022.395:ERROR:process_memory_win.cc(73)] ReadMemory at 0xc1c65fd000 of 12288 bytes failed: Only part of a ReadProcessMemory or WriteProcessMemory request was completed. (0x12B)
[0623/012022.395:ERROR:process_memory_win.cc(73)] ReadMemory at 0xc1c67fd000 of 12288 bytes failed: Only part of a ReadProcessMemory or WriteProcessMemory request was completed. (0x12B)
[0623/012022.395:ERROR:process_memory_win.cc(73)] ReadMemory at 0xc1c69fc000 of 16384 bytes failed: Only part of a ReadProcessMemory or WriteProcessMemory request was completed. (0x12B)
[0623/012022.395:ERROR:process_memory_win.cc(73)] ReadMemory at 0xc1c6bfe000 of 8192 bytes failed: Only part of a ReadProcessMemory or WriteProcessMemory request was completed. (0x12B)
[0623/012022.395:ERROR:process_memory_win.cc(73)] ReadMemory at 0xc1c6dfb000 of 20480 bytes failed: Only part of a ReadProcessMemory or WriteProcessMemory request was completed. (0x12B)
[0623/012022.396:ERROR:process_memory_win.cc(73)] ReadMemory at 0xc1c71fd000 of 12288 bytes failed: Only part of a ReadProcessMemory or WriteProcessMemory request was completed. (0x12B)
[0623/012022.396:ERROR:process_memory_win.cc(73)] ReadMemory at 0xc1c75fc000 of 16384 bytes failed: Only part of a ReadProcessMemory or WriteProcessMemory request was completed. (0x12B)
[0623/012022.396:ERROR:process_memory_win.cc(73)] ReadMemory at 0xc1c79f6000 of 40960 bytes failed: Only part of a ReadProcessMemory or WriteProcessMemory request was completed. (0x12B)
[0623/012022.396:ERROR:process_memory_win.cc(73)] ReadMemory at 0xc1c77f6000 of 40960 bytes failed: Only part of a ReadProcessMemory or WriteProcessMemory request was completed. (0x12B)
[0623/012022.396:ERROR:process_memory_win.cc(73)] ReadMemory at 0xc1c7dfd000 of 12288 bytes failed: Only part of a ReadProcessMemory or WriteProcessMemory request was completed. (0x12B)
[0623/012022.396:ERROR:process_memory_win.cc(73)] ReadMemory at 0xc1c6ffe000 of 8192 bytes failed: Only part of a ReadProcessMemory or WriteProcessMemory request was completed. (0x12B)
[0623/012022.396:ERROR:process_memory_win.cc(73)] ReadMemory at 0xc1c5a3a000 of 852 bytes failed: Only part of a ReadProcessMemory or WriteProcessMemory request was completed. (0x12B)
[0623/012022.397:ERROR:process_memory_win.cc(73)] ReadMemory at 0xc1c5a3b000 of 6024 bytes failed: Only part of a ReadProcessMemory or WriteProcessMemory request was completed. (0x12B)
[0623/012022.397:ERROR:process_memory_win.cc(73)] ReadMemory at 0xc1c5a3d000 of 6024 bytes failed: Only part of a ReadProcessMemory or WriteProcessMemory request was completed. (0x12B)
[0623/012022.397:ERROR:process_memory_win.cc(73)] ReadMemory at 0xc1c5a3f000 of 6024 bytes failed: Only part of a ReadProcessMemory or WriteProcessMemory request was completed. (0x12B)
[0623/012022.397:ERROR:process_memory_win.cc(73)] ReadMemory at 0xc1c5a41000 of 6024 bytes failed: Only part of a ReadProcessMemory or WriteProcessMemory request was completed. (0x12B)
[0623/012022.397:ERROR:process_memory_win.cc(73)] ReadMemory at 0xc1c5a43000 of 6024 bytes failed: Only part of a ReadProcessMemory or WriteProcessMemory request was completed. (0x12B)
[0623/012022.397:ERROR:process_memory_win.cc(73)] ReadMemory at 0xc1c5a45000 of 6024 bytes failed: Only part of a ReadProcessMemory or WriteProcessMemory request was completed. (0x12B)
[0623/012022.397:ERROR:process_memory_win.cc(73)] ReadMemory at 0xc1c5a47000 of 6024 bytes failed: Only part of a ReadProcessMemory or WriteProcessMemory request was completed. (0x12B)
[0623/012022.397:ERROR:process_memory_win.cc(73)] ReadMemory at 0xc1c5a49000 of 6024 bytes failed: Only part of a ReadProcessMemory or WriteProcessMemory request was completed. (0x12B)
[0623/012022.397:ERROR:process_memory_win.cc(73)] ReadMemory at 0xc1c5a4b000 of 6024 bytes failed: Only part of a ReadProcessMemory or WriteProcessMemory request was completed. (0x12B)
[0623/012022.397:ERROR:process_memory_win.cc(73)] ReadMemory at 0xc1c5a4f000 of 6024 bytes failed: Only part of a ReadProcessMemory or WriteProcessMemory request was completed. (0x12B)
[0623/012022.398:ERROR:process_memory_win.cc(73)] ReadMemory at 0xc1c5a67000 of 6024 bytes failed: Only part of a ReadProcessMemory or WriteProcessMemory request was completed. (0x12B)
[0623/012022.398:ERROR:process_memory_win.cc(73)] ReadMemory at 0xc1c5a7d000 of 6024 bytes failed: Only part of a ReadProcessMemory or WriteProcessMemory request was completed. (0x12B)
[0623/012022.398:ERROR:process_memory_win.cc(73)] ReadMemory at 0xc1c5a81000 of 6024 bytes failed: Only part of a ReadProcessMemory or WriteProcessMemory request was completed. (0x12B)
[0623/012022.398:ERROR:process_memory_win.cc(73)] ReadMemory at 0xc1c5a8f000 of 6024 bytes failed: Only part of a ReadProcessMemory or WriteProcessMemory request was completed. (0x12B)
[0623/012022.398:ERROR:process_memory_win.cc(73)] ReadMemory at 0xc1c5b71000 of 6024 bytes failed: Only part of a ReadProcessMemory or WriteProcessMemory request was completed. (0x12B)
[0623/012022.398:ERROR:process_memory_win.cc(73)] ReadMemory at 0x1f2800f7000 of 512 bytes failed: Only part of a ReadProcessMemory or WriteProcessMemory request was completed. (0x12B)
[0623/012022.398:ERROR:process_memory_win.cc(73)] ReadMemory at 0x1f281b880d0 of 512 bytes failed: Only part of a ReadProcessMemory or WriteProcessMemory request was completed. (0x12B)
[0623/012022.398:ERROR:process_memory_win.cc(73)] ReadMemory at 0x1f281ba3c68 of 512 bytes failed: Only part of a ReadProcessMemory or WriteProcessMemory request was completed. (0x12B)
[0623/012022.398:ERROR:process_memory_win.cc(73)] ReadMemory at 0x1f281bcc650 of 512 bytes failed: Only part of a ReadProcessMemory or WriteProcessMemory request was completed. (0x12B)
[0623/012022.398:ERROR:process_memory_win.cc(73)] ReadMemory at 0x1f281c18c48 of 512 bytes failed: Only part of a ReadProcessMemory or WriteProcessMemory request was completed. (0x12B)
[0623/012022.399:ERROR:process_memory_win.cc(73)] ReadMemory at 0x1f286b8f510 of 512 bytes failed: Only part of a ReadProcessMemory or WriteProcessMemory request was completed. (0x12B)
[0623/012022.399:ERROR:process_memory_win.cc(73)] ReadMemory at 0x1f286b9a860 of 512 bytes failed: Only part of a ReadProcessMemory or WriteProcessMemory request was completed. (0x12B)
[0623/012022.399:ERROR:process_memory_win.cc(73)] ReadMemory at 0x1f286b9b530 of 552 bytes failed: Only part of a ReadProcessMemory or WriteProcessMemory request was completed. (0x12B)
[0623/012022.399:ERROR:process_memory_win.cc(73)] ReadMemory at 0x1f286ba17a0 of 512 bytes failed: Only part of a ReadProcessMemory or WriteProcessMemory request was completed. (0x12B)
[0623/012022.399:ERROR:process_memory_win.cc(73)] ReadMemory at 0x1f286ba8c20 of 512 bytes failed: Only part of a ReadProcessMemory or WriteProcessMemory request was completed. (0x12B)
[0623/012022.399:ERROR:process_memory_win.cc(73)] ReadMemory at 0x1f286be4170 of 62 bytes failed: Only part of a ReadProcessMemory or WriteProcessMemory request was completed. (0x12B)
[0623/012022.399:ERROR:process_memory_win.cc(73)] ReadMemory at 0x1f2875cd9a0 of 512 bytes failed: Only part of a ReadProcessMemory or WriteProcessMemory request was completed. (0x12B)
[0623/012022.399:ERROR:process_memory_win.cc(73)] ReadMemory at 0x1f2875cdf40 of 512 bytes failed: Only part of a ReadProcessMemory or WriteProcessMemory request was completed. (0x12B)
[0623/012022.399:ERROR:process_memory_win.cc(73)] ReadMemory at 0x1f2876b0310 of 512 bytes failed: Only part of a ReadProcessMemory or WriteProcessMemory request was completed. (0x12B)
[0623/012022.399:ERROR:process_memory_win.cc(73)] ReadMemory at 0x1f2876b37a0 of 512 bytes failed: Only part of a ReadProcessMemory or WriteProcessMemory request was completed. (0x12B)
[0623/012022.399:ERROR:process_memory_win.cc(73)] ReadMemory at 0x1f287c74fc0 of 752 bytes failed: Only part of a ReadProcessMemory or WriteProcessMemory request was completed. (0x12B)
[0623/012022.399:ERROR:process_memory_win.cc(73)] ReadMemory at 0x1f287da59d8 of 512 bytes failed: Only part of a ReadProcessMemory or WriteProcessMemory request was completed. (0x12B)
[0623/012022.399:ERROR:process_memory_win.cc(73)] ReadMemory at 0x1f2884101a0 of 1032 bytes failed: Only part of a ReadProcessMemory or WriteProcessMemory request was completed. (0x12B)
[0623/012022.399:ERROR:process_memory_win.cc(73)] ReadMemory at 0x1f2885f15e8 of 512 bytes failed: Only part of a ReadProcessMemory or WriteProcessMemory request was completed. (0x12B)
[0623/012022.399:ERROR:process_memory_win.cc(73)] ReadMemory at 0x1f28866d840 of 512 bytes failed: Only part of a ReadProcessMemory or WriteProcessMemory request was completed. (0x12B)
[0623/012022.399:ERROR:process_memory_win.cc(73)] ReadMemory at 0x1f2ae920ab0 of 512 bytes failed: Only part of a ReadProcessMemory or WriteProcessMemory request was completed. (0x12B)
[0623/012022.399:ERROR:process_memory_win.cc(73)] ReadMemory at 0x1f2ae920fc0 of 16642 bytes failed: Only part of a ReadProcessMemory or WriteProcessMemory request was completed. (0x12B)
[0623/012022.400:ERROR:process_memory_win.cc(73)] ReadMemory at 0x1f2ae9250d0 of 1012 bytes failed: Only part of a ReadProcessMemory or WriteProcessMemory request was completed. (0x12B)
[0623/012022.400:ERROR:process_memory_win.cc(73)] ReadMemory at 0x1f2ae9256e8 of 118 bytes failed: Only part of a ReadProcessMemory or WriteProcessMemory request was completed. (0x12B)
[0623/012022.400:ERROR:process_memory_win.cc(73)] ReadMemory at 0x1f2ae925760 of 992 bytes failed: Only part of a ReadProcessMemory or WriteProcessMemory request was completed. (0x12B)
[0623/012022.400:ERROR:process_memory_win.cc(73)] ReadMemory at 0x1f2ae925b42 of 118 bytes failed: Only part of a ReadProcessMemory or WriteProcessMemory request was completed. (0x12B)
[0623/012022.400:ERROR:process_memory_win.cc(73)] ReadMemory at 0x1f2ae925bba of 30 bytes failed: Only part of a ReadProcessMemory or WriteProcessMemory request was completed. (0x12B)
[0623/012022.400:ERROR:process_memory_win.cc(73)] ReadMemory at 0x1f2ae925bf0 of 58 bytes failed: Only part of a ReadProcessMemory or WriteProcessMemory request was completed. (0x12B)
[0623/012022.400:ERROR:process_memory_win.cc(73)] ReadMemory at 0x1f2ae925cf0 of 132 bytes failed: Only part of a ReadProcessMemory or WriteProcessMemory request was completed. (0x12B)
[0623/012022.400:ERROR:process_memory_win.cc(73)] ReadMemory at 0x1f2ae925e80 of 132 bytes failed: Only part of a ReadProcessMemory or WriteProcessMemory request was completed. (0x12B)
[0623/012022.400:ERROR:process_memory_win.cc(73)] ReadMemory at 0x1f2ae926420 of 132 bytes failed: Only part of a ReadProcessMemory or WriteProcessMemory request was completed. (0x12B)
[0623/012022.400:ERROR:process_memory_win.cc(73)] ReadMemory at 0x1f2ae9265b0 of 64 bytes failed: Only part of a ReadProcessMemory or WriteProcessMemory request was completed. (0x12B)
[0623/012022.400:ERROR:process_memory_win.cc(73)] ReadMemory at 0x1f2ae926a00 of 132 bytes failed: Only part of a ReadProcessMemory or WriteProcessMemory request was completed. (0x12B)
[0623/012022.400:ERROR:process_memory_win.cc(73)] ReadMemory at 0x1f2ae926b90 of 68 bytes failed: Only part of a ReadProcessMemory or WriteProcessMemory request was completed. (0x12B)
[0623/012022.400:ERROR:process_memory_win.cc(73)] ReadMemory at 0x1f2ae9279c0 of 132 bytes failed: Only part of a ReadProcessMemory or WriteProcessMemory request was completed. (0x12B)
[0623/012022.400:ERROR:process_memory_win.cc(73)] ReadMemory at 0x1f2ae927af0 of 132 bytes failed: Only part of a ReadProcessMemory or WriteProcessMemory request was completed. (0x12B)
[0623/012022.400:ERROR:process_memory_win.cc(73)] ReadMemory at 0x1f2ae927c20 of 62 bytes failed: Only part of a ReadProcessMemory or WriteProcessMemory request was completed. (0x12B)
[0623/012022.401:ERROR:process_memory_win.cc(73)] ReadMemory at 0x1f2ae927dd0 of 246 bytes failed: Only part of a ReadProcessMemory or WriteProcessMemory request was completed. (0x12B)
[0623/012022.401:ERROR:process_memory_win.cc(73)] ReadMemory at 0x1f2ae928020 of 132 bytes failed: Only part of a ReadProcessMemory or WriteProcessMemory request was completed. (0x12B)
[0623/012022.401:ERROR:process_memory_win.cc(73)] ReadMemory at 0x1f2ae9281b0 of 60 bytes failed: Only part of a ReadProcessMemory or WriteProcessMemory request was completed. (0x12B)
[0623/012022.401:ERROR:process_memory_win.cc(73)] ReadMemory at 0x1f2ae928400 of 132 bytes failed: Only part of a ReadProcessMemory or WriteProcessMemory request was completed. (0x12B)
[0623/012022.401:ERROR:process_memory_win.cc(73)] ReadMemory at 0x1f2ae928590 of 64 bytes failed: Only part of a ReadProcessMemory or WriteProcessMemory request was completed. (0x12B)
[0623/012022.401:ERROR:process_memory_win.cc(73)] ReadMemory at 0x1f2ae9285e0 of 146 bytes failed: Only part of a ReadProcessMemory or WriteProcessMemory request was completed. (0x12B)
[0623/012022.401:ERROR:process_memory_win.cc(73)] ReadMemory at 0x1f2ae928810 of 132 bytes failed: Only part of a ReadProcessMemory or WriteProcessMemory request was completed. (0x12B)
[0623/012022.401:ERROR:process_memory_win.cc(73)] ReadMemory at 0x1f2ae9289a0 of 64 bytes failed: Only part of a ReadProcessMemory or WriteProcessMemory request was completed. (0x12B)
[0623/012022.401:ERROR:process_memory_win.cc(73)] ReadMemory at 0x1f2ae9289f0 of 158 bytes failed: Only part of a ReadProcessMemory or WriteProcessMemory request was completed. (0x12B)
[0623/012022.401:ERROR:process_memory_win.cc(73)] ReadMemory at 0x1f2ae928c00 of 132 bytes failed: Only part of a ReadProcessMemory or WriteProcessMemory request was completed. (0x12B)
[0623/012022.401:ERROR:process_memory_win.cc(73)] ReadMemory at 0x1f2ae928d90 of 60 bytes failed: Only part of a ReadProcessMemory or WriteProcessMemory request was completed. (0x12B)
[0623/012022.401:ERROR:process_memory_win.cc(73)] ReadMemory at 0x1f2ae9290b0 of 132 bytes failed: Only part of a ReadProcessMemory or WriteProcessMemory request was completed. (0x12B)
[0623/012022.401:ERROR:process_memory_win.cc(73)] ReadMemory at 0x1f2ae929240 of 60 bytes failed: Only part of a ReadProcessMemory or WriteProcessMemory request was completed. (0x12B)
[0623/012022.401:ERROR:process_memory_win.cc(73)] ReadMemory at 0x1f2ae929290 of 152 bytes failed: Only part of a ReadProcessMemory or WriteProcessMemory request was completed. (0x12B)
[0623/012022.401:ERROR:process_memory_win.cc(73)] ReadMemory at 0x1f2ae929480 of 132 bytes failed: Only part of a ReadProcessMemory or WriteProcessMemory request was completed. (0x12B)
[0623/012022.401:ERROR:process_memory_win.cc(73)] ReadMemory at 0x1f2ae929610 of 62 bytes failed: Only part of a ReadProcessMemory or WriteProcessMemory request was completed. (0x12B)
[0623/012022.401:ERROR:process_memory_win.cc(73)] ReadMemory at 0x1f2ae929980 of 132 bytes failed: Only part of a ReadProcessMemory or WriteProcessMemory request was completed. (0x12B)
[0623/012022.402:ERROR:process_memory_win.cc(73)] ReadMemory at 0x1f2ae929b10 of 80 bytes failed: Only part of a ReadProcessMemory or WriteProcessMemory request was completed. (0x12B)
[0623/012022.402:ERROR:process_memory_win.cc(73)] ReadMemory at 0x1f2ae92c150 of 132 bytes failed: Only part of a ReadProcessMemory or WriteProcessMemory request was completed. (0x12B)
[0623/012022.402:ERROR:process_memory_win.cc(73)] ReadMemory at 0x1f2ae92c570 of 78 bytes failed: Only part of a ReadProcessMemory or WriteProcessMemory request was completed. (0x12B)
[0623/012022.402:ERROR:process_memory_win.cc(73)] ReadMemory at 0x1f2ae92c5d0 of 72 bytes failed: Only part of a ReadProcessMemory or WriteProcessMemory request was completed. (0x12B)
[0623/012022.402:ERROR:process_memory_win.cc(73)] ReadMemory at 0x1f2ae92c690 of 76 bytes failed: Only part of a ReadProcessMemory or WriteProcessMemory request was completed. (0x12B)
[0623/012022.402:ERROR:process_memory_win.cc(73)] ReadMemory at 0x1f2ae92d6b0 of 132 bytes failed: Only part of a ReadProcessMemory or WriteProcessMemory request was completed. (0x12B)
[0623/012022.402:ERROR:process_memory_win.cc(73)] ReadMemory at 0x1f2ae92d7e0 of 64 bytes failed: Only part of a ReadProcessMemory or WriteProcessMemory request was completed. (0x12B)
[0623/012022.402:ERROR:process_memory_win.cc(73)] ReadMemory at 0x1f2ae92da50 of 132 bytes failed: Only part of a ReadProcessMemory or WriteProcessMemory request was completed. (0x12B)
[0623/012022.402:ERROR:process_memory_win.cc(73)] ReadMemory at 0x1f2ae92db80 of 62 bytes failed: Only part of a ReadProcessMemory or WriteProcessMemory request was completed. (0x12B)
[0623/012022.402:ERROR:process_memory_win.cc(73)] ReadMemory at 0x1f2ae92ddb0 of 132 bytes failed: Only part of a ReadProcessMemory or WriteProcessMemory request was completed. (0x12B)
[0623/012022.402:ERROR:process_memory_win.cc(73)] ReadMemory at 0x1f2ae92dee0 of 62 bytes failed: Only part of a ReadProcessMemory or WriteProcessMemory request was completed. (0x12B)
[0623/012022.402:ERROR:process_memory_win.cc(73)] ReadMemory at 0x1f2ae92e1e0 of 132 bytes failed: Only part of a ReadProcessMemory or WriteProcessMemory request was completed. (0x12B)
[0623/012022.402:ERROR:process_memory_win.cc(73)] ReadMemory at 0x1f2ae92e440 of 132 bytes failed: Only part of a ReadProcessMemory or WriteProcessMemory request was completed. (0x12B)
[0623/012022.402:ERROR:process_memory_win.cc(73)] ReadMemory at 0x1f2ae92e570 of 132 bytes failed: Only part of a ReadProcessMemory or WriteProcessMemory request was completed. (0x12B)
[0623/012022.402:ERROR:process_memory_win.cc(73)] ReadMemory at 0x1f2ae92e6a0 of 132 bytes failed: Only part of a ReadProcessMemory or WriteProcessMemory request was completed. (0x12B)
[0623/012022.402:ERROR:process_memory_win.cc(73)] ReadMemory at 0x1f2ae92e7d0 of 132 bytes failed: Only part of a ReadProcessMemory or WriteProcessMemory request was completed. (0x12B)
[0623/012022.402:ERROR:process_memory_win.cc(73)] ReadMemory at 0x1f2ae92e900 of 132 bytes failed: Only part of a ReadProcessMemory or WriteProcessMemory request was completed. (0x12B)
[0623/012022.403:ERROR:process_memory_win.cc(73)] ReadMemory at 0x1f2ae92ea30 of 132 bytes failed: Only part of a ReadProcessMemory or WriteProcessMemory request was completed. (0x12B)
[0623/012022.403:ERROR:process_memory_win.cc(73)] ReadMemory at 0x1f2ae92eb60 of 132 bytes failed: Only part of a ReadProcessMemory or WriteProcessMemory request was completed. (0x12B)
[0623/012022.403:ERROR:process_memory_win.cc(73)] ReadMemory at 0x1f2ae92ec90 of 132 bytes failed: Only part of a ReadProcessMemory or WriteProcessMemory request was completed. (0x12B)
[0623/012022.403:ERROR:process_memory_win.cc(73)] ReadMemory at 0x1f2ae92edc0 of 132 bytes failed: Only part of a ReadProcessMemory or WriteProcessMemory request was completed. (0x12B)
[0623/012022.403:ERROR:process_memory_win.cc(73)] ReadMemory at 0x1f2ae92eef0 of 132 bytes failed: Only part of a ReadProcessMemory or WriteProcessMemory request was completed. (0x12B)
[0623/012022.403:ERROR:process_memory_win.cc(73)] ReadMemory at 0x1f2ae92f020 of 132 bytes failed: Only part of a ReadProcessMemory or WriteProcessMemory request was completed. (0x12B)
[0623/012022.403:ERROR:process_memory_win.cc(73)] ReadMemory at 0x1f2ae92f1f0 of 62 bytes failed: Only part of a ReadProcessMemory or WriteProcessMemory request was completed. (0x12B)
[0623/012022.403:ERROR:process_memory_win.cc(73)] ReadMemory at 0x1f2ae92f240 of 66 bytes failed: Only part of a ReadProcessMemory or WriteProcessMemory request was completed. (0x12B)
[0623/012022.403:ERROR:process_memory_win.cc(73)] ReadMemory at 0x1f2ae92f290 of 66 bytes failed: Only part of a ReadProcessMemory or WriteProcessMemory request was completed. (0x12B)
[0623/012022.403:ERROR:process_memory_win.cc(73)] ReadMemory at 0x1f2ae92f2e0 of 64 bytes failed: Only part of a ReadProcessMemory or WriteProcessMemory request was completed. (0x12B)
[0623/012022.403:ERROR:process_memory_win.cc(73)] ReadMemory at 0x1f2ae92f3d0 of 60 bytes failed: Only part of a ReadProcessMemory or WriteProcessMemory request was completed. (0x12B)
[0623/012022.403:ERROR:process_memory_win.cc(73)] ReadMemory at 0x1f2ae92f4c0 of 60 bytes failed: Only part of a ReadProcessMemory or WriteProcessMemory request was completed. (0x12B)
[0623/012022.403:ERROR:process_memory_win.cc(73)] ReadMemory at 0x1f2ae92f510 of 64 bytes failed: Only part of a ReadProcessMemory or WriteProcessMemory request was completed. (0x12B)
[0623/012022.403:ERROR:process_memory_win.cc(73)] ReadMemory at 0x1f2ae92f560 of 58 bytes failed: Only part of a ReadProcessMemory or WriteProcessMemory request was completed. (0x12B)
[0623/012022.403:ERROR:process_memory_win.cc(73)] ReadMemory at 0x1f2ae92f5b0 of 62 bytes failed: Only part of a ReadProcessMemory or WriteProcessMemory request was completed. (0x12B)
[0623/012022.403:ERROR:process_memory_win.cc(73)] ReadMemory at 0x1f2ae92f600 of 60 bytes failed: Only part of a ReadProcessMemory or WriteProcessMemory request was completed. (0x12B)
[0623/012022.403:ERROR:process_memory_win.cc(73)] ReadMemory at 0x1f2ae92f6f0 of 58 bytes failed: Only part of a ReadProcessMemory or WriteProcessMemory request was completed. (0x12B)
[0623/012022.404:ERROR:process_memory_win.cc(73)] ReadMemory at 0x1f2ae92f830 of 66 bytes failed: Only part of a ReadProcessMemory or WriteProcessMemory request was completed. (0x12B)
[0623/012022.404:ERROR:process_memory_win.cc(73)] ReadMemory at 0x1f2ae92f880 of 66 bytes failed: Only part of a ReadProcessMemory or WriteProcessMemory request was completed. (0x12B)
[0623/012022.404:ERROR:process_memory_win.cc(73)] ReadMemory at 0x1f2ae92f920 of 62 bytes failed: Only part of a ReadProcessMemory or WriteProcessMemory request was completed. (0x12B)
[0623/012022.404:ERROR:process_memory_win.cc(73)] ReadMemory at 0x1f2ae92fa1c of 512 bytes failed: Only part of a ReadProcessMemory or WriteProcessMemory request was completed. (0x12B)
[0623/012022.404:ERROR:process_memory_win.cc(73)] ReadMemory at 0x1f2ae930d00 of 512 bytes failed: Only part of a ReadProcessMemory or WriteProcessMemory request was completed. (0x12B)
[0623/012022.404:ERROR:process_memory_win.cc(73)] ReadMemory at 0x1f2ae9312d0 of 154 bytes failed: Only part of a ReadProcessMemory or WriteProcessMemory request was completed. (0x12B)
[0623/012022.404:ERROR:process_memory_win.cc(73)] ReadMemory at 0x1f2ae931b90 of 60 bytes failed: Only part of a ReadProcessMemory or WriteProcessMemory request was completed. (0x12B)
[0623/012022.404:ERROR:process_memory_win.cc(73)] ReadMemory at 0x1f2ae931cd0 of 62 bytes failed: Only part of a ReadProcessMemory or WriteProcessMemory request was completed. (0x12B)
[0623/012022.404:ERROR:process_memory_win.cc(73)] ReadMemory at 0x1f2ae931d20 of 68 bytes failed: Only part of a ReadProcessMemory or WriteProcessMemory request was completed. (0x12B)
[0623/012022.404:ERROR:process_memory_win.cc(73)] ReadMemory at 0x1f2ae932180 of 70 bytes failed: Only part of a ReadProcessMemory or WriteProcessMemory request was completed. (0x12B)
[0623/012022.404:ERROR:process_memory_win.cc(73)] ReadMemory at 0x1f2ae932220 of 62 bytes failed: Only part of a ReadProcessMemory or WriteProcessMemory request was completed. (0x12B)
[0623/012022.404:ERROR:process_memory_win.cc(73)] ReadMemory at 0x1f2ae9323b0 of 62 bytes failed: Only part of a ReadProcessMemory or WriteProcessMemory request was completed. (0x12B)
[0623/012022.404:ERROR:process_memory_win.cc(73)] ReadMemory at 0x1f2ae9324a0 of 58 bytes failed: Only part of a ReadProcessMemory or WriteProcessMemory request was completed. (0x12B)
[0623/012022.404:ERROR:process_memory_win.cc(73)] ReadMemory at 0x1f2ae933fa0 of 132 bytes failed: Only part of a ReadProcessMemory or WriteProcessMemory request was completed. (0x12B)
[0623/012022.404:ERROR:process_memory_win.cc(73)] ReadMemory at 0x1f2ae9340d0 of 132 bytes failed: Only part of a ReadProcessMemory or WriteProcessMemory request was completed. (0x12B)
[0623/012022.404:ERROR:process_memory_win.cc(73)] ReadMemory at 0x1f2ae934200 of 132 bytes failed: Only part of a ReadProcessMemory or WriteProcessMemory request was completed. (0x12B)
[0623/012022.404:ERROR:process_memory_win.cc(73)] ReadMemory at 0x1f2ae934330 of 132 bytes failed: Only part of a ReadProcessMemory or WriteProcessMemory request was completed. (0x12B)
[0623/012022.404:ERROR:process_memory_win.cc(73)] ReadMemory at 0x1f2ae934460 of 132 bytes failed: Only part of a ReadProcessMemory or WriteProcessMemory request was completed. (0x12B)
[0623/012022.405:ERROR:process_memory_win.cc(73)] ReadMemory at 0x1f2ae934590 of 132 bytes failed: Only part of a ReadProcessMemory or WriteProcessMemory request was completed. (0x12B)
[0623/012022.405:ERROR:process_memory_win.cc(73)] ReadMemory at 0x1f2ae9346c0 of 132 bytes failed: Only part of a ReadProcessMemory or WriteProcessMemory request was completed. (0x12B)
[0623/012022.405:ERROR:process_memory_win.cc(73)] ReadMemory at 0x1f2ae9347f0 of 132 bytes failed: Only part of a ReadProcessMemory or WriteProcessMemory request was completed. (0x12B)
[0623/012022.405:ERROR:process_memory_win.cc(73)] ReadMemory at 0x1f2ae934920 of 132 bytes failed: Only part of a ReadProcessMemory or WriteProcessMemory request was completed. (0x12B)
[0623/012022.405:ERROR:process_memory_win.cc(73)] ReadMemory at 0x1f2ae934a50 of 132 bytes failed: Only part of a ReadProcessMemory or WriteProcessMemory request was completed. (0x12B)
[0623/012022.405:ERROR:process_memory_win.cc(73)] ReadMemory at 0x1f2ae934b80 of 132 bytes failed: Only part of a ReadProcessMemory or WriteProcessMemory request was completed. (0x12B)
[0623/012022.405:ERROR:process_memory_win.cc(73)] ReadMemory at 0x1f2ae934cb0 of 132 bytes failed: Only part of a ReadProcessMemory or WriteProcessMemory request was completed. (0x12B)
[0623/012022.405:ERROR:process_memory_win.cc(73)] ReadMemory at 0x1f2ae934de0 of 132 bytes failed: Only part of a ReadProcessMemory or WriteProcessMemory request was completed. (0x12B)
[0623/012022.405:ERROR:process_memory_win.cc(73)] ReadMemory at 0x1f2ae934f10 of 132 bytes failed: Only part of a ReadProcessMemory or WriteProcessMemory request was completed. (0x12B)
[0623/012022.405:ERROR:process_memory_win.cc(73)] ReadMemory at 0x1f2ae935040 of 132 bytes failed: Only part of a ReadProcessMemory or WriteProcessMemory request was completed. (0x12B)
[0623/012022.405:ERROR:process_memory_win.cc(73)] ReadMemory at 0x1f2ae935170 of 132 bytes failed: Only part of a ReadProcessMemory or WriteProcessMemory request was completed. (0x12B)
[0623/012022.405:ERROR:process_memory_win.cc(73)] ReadMemory at 0x1f2ae9352a0 of 132 bytes failed: Only part of a ReadProcessMemory or WriteProcessMemory request was completed. (0x12B)
[0623/012022.405:ERROR:process_memory_win.cc(73)] ReadMemory at 0x1f2ae9353d0 of 132 bytes failed: Only part of a ReadProcessMemory or WriteProcessMemory request was completed. (0x12B)
[0623/012022.405:ERROR:process_memory_win.cc(73)] ReadMemory at 0x1f2ae935500 of 132 bytes failed: Only part of a ReadProcessMemory or WriteProcessMemory request was completed. (0x12B)
[0623/012022.405:ERROR:process_memory_win.cc(73)] ReadMemory at 0x1f2ae935630 of 132 bytes failed: Only part of a ReadProcessMemory or WriteProcessMemory request was completed. (0x12B)
[0623/012022.405:ERROR:process_memory_win.cc(73)] ReadMemory at 0x1f2ae935760 of 132 bytes failed: Only part of a ReadProcessMemory or WriteProcessMemory request was completed. (0x12B)
[0623/012022.405:ERROR:process_memory_win.cc(73)] ReadMemory at 0x1f2ae935890 of 132 bytes failed: Only part of a ReadProcessMemory or WriteProcessMemory request was completed. (0x12B)
[0623/012022.405:ERROR:process_memory_win.cc(73)] ReadMemory at 0x1f2ae9359c0 of 132 bytes failed: Only part of a ReadProcessMemory or WriteProcessMemory request was completed. (0x12B)
[0623/012022.406:ERROR:process_memory_win.cc(73)] ReadMemory at 0x1f2ae935af0 of 132 bytes failed: Only part of a ReadProcessMemory or WriteProcessMemory request was completed. (0x12B)
[0623/012022.406:ERROR:process_memory_win.cc(73)] ReadMemory at 0x1f2ae935c20 of 132 bytes failed: Only part of a ReadProcessMemory or WriteProcessMemory request was completed. (0x12B)
[0623/012022.406:ERROR:process_memory_win.cc(73)] ReadMemory at 0x1f2ae935d50 of 132 bytes failed: Only part of a ReadProcessMemory or WriteProcessMemory request was completed. (0x12B)
[0623/012022.406:ERROR:process_memory_win.cc(73)] ReadMemory at 0x1f2ae937680 of 80 bytes failed: Only part of a ReadProcessMemory or WriteProcessMemory request was completed. (0x12B)
[0623/012022.406:ERROR:process_memory_win.cc(73)] ReadMemory at 0x1f2ae938c00 of 60 bytes failed: Only part of a ReadProcessMemory or WriteProcessMemory request was completed. (0x12B)
[0623/012022.406:ERROR:process_memory_win.cc(73)] ReadMemory at 0x1f2ae938c50 of 58 bytes failed: Only part of a ReadProcessMemory or WriteProcessMemory request was completed. (0x12B)
[0623/012022.406:ERROR:process_memory_win.cc(73)] ReadMemory at 0x1f2ae938ca0 of 64 bytes failed: Only part of a ReadProcessMemory or WriteProcessMemory request was completed. (0x12B)
[0623/012022.406:ERROR:process_memory_win.cc(73)] ReadMemory at 0x1f2ae938d40 of 64 bytes failed: Only part of a ReadProcessMemory or WriteProcessMemory request was completed. (0x12B)
[0623/012022.406:ERROR:process_memory_win.cc(73)] ReadMemory at 0x1f2ae938d90 of 60 bytes failed: Only part of a ReadProcessMemory or WriteProcessMemory request was completed. (0x12B)
[0623/012022.406:ERROR:process_memory_win.cc(73)] ReadMemory at 0x1f2ae938de0 of 62 bytes failed: Only part of a ReadProcessMemory or WriteProcessMemory request was completed. (0x12B)
[0623/012022.406:ERROR:process_memory_win.cc(73)] ReadMemory at 0x1f2ae939740 of 58 bytes failed: Only part of a ReadProcessMemory or WriteProcessMemory request was completed. (0x12B)
[0623/012022.406:ERROR:process_memory_win.cc(73)] ReadMemory at 0x1f2ae93e6d0 of 54 bytes failed: Only part of a ReadProcessMemory or WriteProcessMemory request was completed. (0x12B)
[0623/012022.406:ERROR:process_memory_win.cc(73)] ReadMemory at 0x1f2ae93ec10 of 52 bytes failed: Only part of a ReadProcessMemory or WriteProcessMemory request was completed. (0x12B)
[0623/012022.406:ERROR:process_memory_win.cc(73)] ReadMemory at 0x1f2ae94a120 of 62 bytes failed: Only part of a ReadProcessMemory or WriteProcessMemory request was completed. (0x12B)
[0623/012022.406:ERROR:process_memory_win.cc(73)] ReadMemory at 0x1f2ae94a2b0 of 60 bytes failed: Only part of a ReadProcessMemory or WriteProcessMemory request was completed. (0x12B)
[0623/012022.406:ERROR:process_memory_win.cc(73)] ReadMemory at 0x1f2ae94a3f0 of 62 bytes failed: Only part of a ReadProcessMemory or WriteProcessMemory request was completed. (0x12B)
[0623/012022.406:ERROR:process_memory_win.cc(73)] ReadMemory at 0x1f2ae94a440 of 60 bytes failed: Only part of a ReadProcessMemory or WriteProcessMemory request was completed. (0x12B)
[0623/012022.406:ERROR:process_memory_win.cc(73)] ReadMemory at 0x1f2ae94a4e0 of 64 bytes failed: Only part of a ReadProcessMemory or WriteProcessMemory request was completed. (0x12B)
[0623/012022.407:ERROR:process_memory_win.cc(73)] ReadMemory at 0x1f2ae94a530 of 64 bytes failed: Only part of a ReadProcessMemory or WriteProcessMemory request was completed. (0x12B)
[0623/012022.407:ERROR:process_memory_win.cc(73)] ReadMemory at 0x1f2ae94a580 of 58 bytes failed: Only part of a ReadProcessMemory or WriteProcessMemory request was completed. (0x12B)
[0623/012022.407:ERROR:process_memory_win.cc(73)] ReadMemory at 0x1f2ae94a6c0 of 60 bytes failed: Only part of a ReadProcessMemory or WriteProcessMemory request was completed. (0x12B)
[0623/012022.407:ERROR:process_memory_win.cc(73)] ReadMemory at 0x1f2ae94a710 of 60 bytes failed: Only part of a ReadProcessMemory or WriteProcessMemory request was completed. (0x12B)
[0623/012022.407:ERROR:process_memory_win.cc(73)] ReadMemory at 0x1f2ae94a760 of 62 bytes failed: Only part of a ReadProcessMemory or WriteProcessMemory request was completed. (0x12B)
[0623/012022.407:ERROR:process_memory_win.cc(73)] ReadMemory at 0x1f2ae94a800 of 56 bytes failed: Only part of a ReadProcessMemory or WriteProcessMemory request was completed. (0x12B)
[0623/012022.407:ERROR:process_memory_win.cc(73)] ReadMemory at 0x1f2ae94a8a0 of 64 bytes failed: Only part of a ReadProcessMemory or WriteProcessMemory request was completed. (0x12B)
[0623/012022.407:ERROR:process_memory_win.cc(73)] ReadMemory at 0x1f2ae94aa30 of 60 bytes failed: Only part of a ReadProcessMemory or WriteProcessMemory request was completed. (0x12B)
[0623/012022.407:ERROR:process_memory_win.cc(73)] ReadMemory at 0x1f2ae94ab70 of 64 bytes failed: Only part of a ReadProcessMemory or WriteProcessMemory request was completed. (0x12B)
[0623/012022.407:ERROR:process_memory_win.cc(73)] ReadMemory at 0x1f2ae94ac60 of 62 bytes failed: Only part of a ReadProcessMemory or WriteProcessMemory request was completed. (0x12B)
[0623/012022.407:ERROR:process_memory_win.cc(73)] ReadMemory at 0x1f2ae94adf0 of 64 bytes failed: Only part of a ReadProcessMemory or WriteProcessMemory request was completed. (0x12B)
[0623/012022.407:ERROR:process_memory_win.cc(73)] ReadMemory at 0x1f2ae94ae40 of 62 bytes failed: Only part of a ReadProcessMemory or WriteProcessMemory request was completed. (0x12B)
[0623/012022.407:ERROR:process_memory_win.cc(73)] ReadMemory at 0x1f2ae94af80 of 64 bytes failed: Only part of a ReadProcessMemory or WriteProcessMemory request was completed. (0x12B)
[0623/012022.407:ERROR:process_memory_win.cc(73)] ReadMemory at 0x1f2ae94b0e0 of 132 bytes failed: Only part of a ReadProcessMemory or WriteProcessMemory request was completed. (0x12B)
[0623/012022.407:ERROR:process_memory_win.cc(73)] ReadMemory at 0x1f2ae94b210 of 132 bytes failed: Only part of a ReadProcessMemory or WriteProcessMemory request was completed. (0x12B)
[0623/012022.407:ERROR:process_memory_win.cc(73)] ReadMemory at 0x1f2ae94b340 of 132 bytes failed: Only part of a ReadProcessMemory or WriteProcessMemory request was completed. (0x12B)
[0623/012022.407:ERROR:process_memory_win.cc(73)] ReadMemory at 0x1f2ae94b470 of 132 bytes failed: Only part of a ReadProcessMemory or WriteProcessMemory request was completed. (0x12B)
[0623/012022.407:ERROR:process_memory_win.cc(73)] ReadMemory at 0x1f2ae94b5a0 of 132 bytes failed: Only part of a ReadProcessMemory or WriteProcessMemory request was completed. (0x12B)
[0623/012022.407:ERROR:process_memory_win.cc(73)] ReadMemory at 0x1f2ae94b6d0 of 132 bytes failed: Only part of a ReadProcessMemory or WriteProcessMemory request was completed. (0x12B)
[0623/012022.408:ERROR:process_memory_win.cc(73)] ReadMemory at 0x1f2ae94b800 of 132 bytes failed: Only part of a ReadProcessMemory or WriteProcessMemory request was completed. (0x12B)
[0623/012022.408:ERROR:process_memory_win.cc(73)] ReadMemory at 0x1f2ae94b930 of 132 bytes failed: Only part of a ReadProcessMemory or WriteProcessMemory request was completed. (0x12B)
[0623/012022.408:ERROR:process_memory_win.cc(73)] ReadMemory at 0x1f2ae94ba60 of 132 bytes failed: Only part of a ReadProcessMemory or WriteProcessMemory request was completed. (0x12B)
[0623/012022.408:ERROR:process_memory_win.cc(73)] ReadMemory at 0x1f2ae94bb90 of 132 bytes failed: Only part of a ReadProcessMemory or WriteProcessMemory request was completed. (0x12B)
[0623/012022.408:ERROR:process_memory_win.cc(73)] ReadMemory at 0x1f2ae94bcc0 of 132 bytes failed: Only part of a ReadProcessMemory or WriteProcessMemory request was completed. (0x12B)
[0623/012022.408:ERROR:process_memory_win.cc(73)] ReadMemory at 0x1f2ae94bdf0 of 132 bytes failed: Only part of a ReadProcessMemory or WriteProcessMemory request was completed. (0x12B)
[0623/012022.408:ERROR:process_memory_win.cc(73)] ReadMemory at 0x1f2ae94bf20 of 132 bytes failed: Only part of a ReadProcessMemory or WriteProcessMemory request was completed. (0x12B)
[0623/012022.408:ERROR:process_memory_win.cc(73)] ReadMemory at 0x1f2ae94c050 of 132 bytes failed: Only part of a ReadProcessMemory or WriteProcessMemory request was completed. (0x12B)
[0623/012022.408:ERROR:process_memory_win.cc(73)] ReadMemory at 0x1f2ae94c2b0 of 132 bytes failed: Only part of a ReadProcessMemory or WriteProcessMemory request was completed. (0x12B)
[0623/012022.408:ERROR:process_memory_win.cc(73)] ReadMemory at 0x1f2ae94c3e0 of 132 bytes failed: Only part of a ReadProcessMemory or WriteProcessMemory request was completed. (0x12B)
[0623/012022.408:ERROR:process_memory_win.cc(73)] ReadMemory at 0x1f2ae94c510 of 132 bytes failed: Only part of a ReadProcessMemory or WriteProcessMemory request was completed. (0x12B)
[0623/012022.408:ERROR:process_memory_win.cc(73)] ReadMemory at 0x1f2ae94c640 of 132 bytes failed: Only part of a ReadProcessMemory or WriteProcessMemory request was completed. (0x12B)
[0623/012022.408:ERROR:process_memory_win.cc(73)] ReadMemory at 0x1f2ae94c770 of 132 bytes failed: Only part of a ReadProcessMemory or WriteProcessMemory request was completed. (0x12B)
[0623/012022.408:ERROR:process_memory_win.cc(73)] ReadMemory at 0x1f2ae94c8a0 of 132 bytes failed: Only part of a ReadProcessMemory or WriteProcessMemory request was completed. (0x12B)
[0623/012022.408:ERROR:process_memory_win.cc(73)] ReadMemory at 0x1f2ae94c9d0 of 132 bytes failed: Only part of a ReadProcessMemory or WriteProcessMemory request was completed. (0x12B)
[0623/012022.409:ERROR:process_memory_win.cc(73)] ReadMemory at 0x1f2ae94cb00 of 132 bytes failed: Only part of a ReadProcessMemory or WriteProcessMemory request was completed. (0x12B)
[0623/012022.409:ERROR:process_memory_win.cc(73)] ReadMemory at 0x1f2ae94cc30 of 132 bytes failed: Only part of a ReadProcessMemory or WriteProcessMemory request was completed. (0x12B)
[0623/012022.409:ERROR:process_memory_win.cc(73)] ReadMemory at 0x1f2ae94cd60 of 132 bytes failed: Only part of a ReadProcessMemory or WriteProcessMemory request was completed. (0x12B)
[0623/012022.409:ERROR:process_memory_win.cc(73)] ReadMemory at 0x1f2ae94ce90 of 132 bytes failed: Only part of a ReadProcessMemory or WriteProcessMemory request was completed. (0x12B)
[0623/012022.409:ERROR:process_memory_win.cc(73)] ReadMemory at 0x1f2ae96e040 of 58 bytes failed: Only part of a ReadProcessMemory or WriteProcessMemory request was completed. (0x12B)
[0623/012022.409:ERROR:process_memory_win.cc(73)] ReadMemory at 0x1f2ae96e9a0 of 60 bytes failed: Only part of a ReadProcessMemory or WriteProcessMemory request was completed. (0x12B)
[0623/012022.409:ERROR:process_memory_win.cc(73)] ReadMemory at 0x1f2ae96e9f0 of 58 bytes failed: Only part of a ReadProcessMemory or WriteProcessMemory request was completed. (0x12B)
[0623/012022.409:ERROR:process_memory_win.cc(73)] ReadMemory at 0x1f2ae96eea0 of 70 bytes failed: Only part of a ReadProcessMemory or WriteProcessMemory request was completed. (0x12B)
[0623/012022.409:ERROR:process_memory_win.cc(73)] ReadMemory at 0x1f2ae96eef0 of 60 bytes failed: Only part of a ReadProcessMemory or WriteProcessMemory request was completed. (0x12B)
[0623/012022.409:ERROR:process_memory_win.cc(73)] ReadMemory at 0x1f2ae9718a0 of 76 bytes failed: Only part of a ReadProcessMemory or WriteProcessMemory request was completed. (0x12B)
[0623/012022.409:ERROR:process_memory_win.cc(73)] ReadMemory at 0x1f2ae972260 of 126 bytes failed: Only part of a ReadProcessMemory or WriteProcessMemory request was completed. (0x12B)
[0623/012022.409:ERROR:process_memory_win.cc(73)] ReadMemory at 0x1f2ae995460 of 64 bytes failed: Only part of a ReadProcessMemory or WriteProcessMemory request was completed. (0x12B)
[0623/012022.409:ERROR:process_memory_win.cc(73)] ReadMemory at 0x1f2ae996090 of 60 bytes failed: Only part of a ReadProcessMemory or WriteProcessMemory request was completed. (0x12B)
[0623/012022.409:ERROR:process_memory_win.cc(73)] ReadMemory at 0x1f2ae9eb0e0 of 68 bytes failed: Only part of a ReadProcessMemory or WriteProcessMemory request was completed. (0x12B)
[0623/012022.410:ERROR:process_memory_win.cc(73)] ReadMemory at 0x1f2ae9eba90 of 64 bytes failed: Only part of a ReadProcessMemory or WriteProcessMemory request was completed. (0x12B)
[0623/012022.410:ERROR:process_memory_win.cc(73)] ReadMemory at 0x1f2ae9ebe00 of 62 bytes failed: Only part of a ReadProcessMemory or WriteProcessMemory request was completed. (0x12B)
[0623/012022.410:ERROR:process_memory_win.cc(73)] ReadMemory at 0x1f2ae9f42a0 of 132 bytes failed: Only part of a ReadProcessMemory or WriteProcessMemory request was completed. (0x12B)
[0623/012022.410:ERROR:process_memory_win.cc(73)] ReadMemory at 0x1f2ae9f49c0 of 132 bytes failed: Only part of a ReadProcessMemory or WriteProcessMemory request was completed. (0x12B)
[0623/012022.410:ERROR:process_memory_win.cc(73)] ReadMemory at 0x1f2ae9f4af0 of 132 bytes failed: Only part of a ReadProcessMemory or WriteProcessMemory request was completed. (0x12B)
[0623/012022.410:ERROR:process_memory_win.cc(73)] ReadMemory at 0x1f2ae9f4c20 of 132 bytes failed: Only part of a ReadProcessMemory or WriteProcessMemory request was completed. (0x12B)
[0623/012022.410:ERROR:process_memory_win.cc(73)] ReadMemory at 0x1f2ae9f4e80 of 132 bytes failed: Only part of a ReadProcessMemory or WriteProcessMemory request was completed. (0x12B)
[0623/012022.410:ERROR:process_memory_win.cc(73)] ReadMemory at 0x1f2ae9f5a60 of 132 bytes failed: Only part of a ReadProcessMemory or WriteProcessMemory request was completed. (0x12B)
[0623/012022.410:ERROR:process_memory_win.cc(73)] ReadMemory at 0x1f2aea0e5b0 of 70 bytes failed: Only part of a ReadProcessMemory or WriteProcessMemory request was completed. (0x12B)
[0623/012022.410:ERROR:process_memory_win.cc(73)] ReadMemory at 0x1f2aea0f2d0 of 66 bytes failed: Only part of a ReadProcessMemory or WriteProcessMemory request was completed. (0x12B)
[0623/012022.410:ERROR:process_memory_win.cc(73)] ReadMemory at 0x1f2aea18a80 of 512 bytes failed: Only part of a ReadProcessMemory or WriteProcessMemory request was completed. (0x12B)
[0623/012022.410:ERROR:process_memory_win.cc(73)] ReadMemory at 0x7ff935930000 of 384 bytes failed: Only part of a ReadProcessMemory or WriteProcessMemory request was completed. (0x12B)
[0623/012022.410:ERROR:process_memory_win.cc(73)] ReadMemory at 0x7ff93789078c of 512 bytes failed: Only part of a ReadProcessMemory or WriteProcessMemory request was completed. (0x12B)
[0623/012022.411:ERROR:process_memory_win.cc(73)] ReadMemory at 0x7ff937c7facb of 512 bytes failed: Only part of a ReadProcessMemory or WriteProcessMemory request was completed. (0x12B)
[0623/012022.411:ERROR:process_memory_win.cc(73)] ReadMemory at 0x7ff93a71e768 of 512 bytes failed: Only part of a ReadProcessMemory or WriteProcessMemory request was completed. (0x12B)
[0623/012022.411:ERROR:process_memory_win.cc(73)] ReadMemory at 0x7ff93ae62708 of 656 bytes failed: Only part of a ReadProcessMemory or WriteProcessMemory request was completed. (0x12B)
[0623/012022.411:ERROR:process_memory_win.cc(73)] ReadMemory at 0x7ff947bd5551 of 512 bytes failed: Only part of a ReadProcessMemory or WriteProcessMemory request was completed. (0x12B)
[0623/012022.411:ERROR:process_memory_win.cc(73)] ReadMemory at 0x7ff947c1bdb0 of 512 bytes failed: Only part of a ReadProcessMemory or WriteProcessMemory request was completed. (0x12B)
[0623/012022.411:ERROR:process_memory_win.cc(73)] ReadMemory at 0x7ff99fa69664 of 512 bytes failed: Only part of a ReadProcessMemory or WriteProcessMemory request was completed. (0x12B)
[0623/012022.411:ERROR:process_memory_win.cc(73)] ReadMemory at 0x7ff9a0e10200 of 512 bytes failed: Only part of a ReadProcessMemory or WriteProcessMemory request was completed. (0x12B)
[0623/012022.411:ERROR:process_memory_win.cc(73)] ReadMemory at 0x7ff9a1200e00 of 512 bytes failed: Only part of a ReadProcessMemory or WriteProcessMemory request was completed. (0x12B)
[0623/012022.411:ERROR:process_memory_win.cc(73)] ReadMemory at 0x7ff9a2d879f0 of 512 bytes failed: Only part of a ReadProcessMemory or WriteProcessMemory request was completed. (0x12B)
[0623/012022.411:ERROR:process_memory_win.cc(73)] ReadMemory at 0x7ff9a2d882e0 of 512 bytes failed: Only part of a ReadProcessMemory or WriteProcessMemory request was completed. (0x12B)
[0623/012022.412:ERROR:process_memory_win.cc(73)] ReadMemory at 0x7ff9a2d8a0d0 of 512 bytes failed: Only part of a ReadProcessMemory or WriteProcessMemory request was completed. (0x12B)
[0623/012022.412:ERROR:process_memory_win.cc(73)] ReadMemory at 0x7ff9a2dfa9a4 of 672 bytes failed: Only part of a ReadProcessMemory or WriteProcessMemory request was completed. (0x12B)
[0623/012022.412:ERROR:process_memory_win.cc(73)] ReadMemory at 0x7ff9a2dfafa4 of 512 bytes failed: Only part of a ReadProcessMemory or WriteProcessMemory request was completed. (0x12B)
[0623/012022.412:ERROR:process_memory_win.cc(73)] ReadMemory at 0x7ff9a2dfe214 of 608 bytes failed: Only part of a ReadProcessMemory or WriteProcessMemory request was completed. (0x12B)
[0623/012022.412:ERROR:process_memory_win.cc(73)] ReadMemory at 0x7ff9a2e801e0 of 18 bytes failed: Only part of a ReadProcessMemory or WriteProcessMemory request was completed. (0x12B)
[0623/012022.412:ERROR:process_memory_win.cc(73)] ReadMemory at 0x7ff9a2eb65b0 of 40 bytes failed: Only part of a ReadProcessMemory or WriteProcessMemory request was completed. (0x12B)
[0623/012022.412:ERROR:process_memory_win.cc(73)] ReadMemory at 0x7ff9a2eb6a08 of 48 bytes failed: Only part of a ReadProcessMemory or WriteProcessMemory request was completed. (0x12B)
[0623/012022.412:ERROR:process_memory_win.cc(73)] ReadMemory at 0x7ff9a2ebc360 of 64 bytes failed: Only part of a ReadProcessMemory or WriteProcessMemory request was completed. (0x12B)
[0623/012022.470:ERROR:scoped_process_suspend.cc(40)] NtResumeProcess: An attempt was made to access an exiting process. (0xc000010a)
